2021-06-11T00:00:55+00:00 CRITICAL Uncaught Error: Unknown named parameter $tasks_meta_id in C:\xampp\htdocs\relofmes\wp-includes\class-wp-hook.php:292
Stack trace:
#0 C:\xampp\htdocs\relofmes\wp-includes\class-wp-hook.php(316): WP_Hook->apply_filters('', Array)
#1 C:\xampp\htdocs\relofmes\wp-includes\plugin.php(551): WP_Hook->do_action(Array)
#2 C:\xampp\htdocs\relofmes\wp-content\plugins\woocommerce\packages\action-scheduler\classes\actions\ActionScheduler_Action.php(22): do_action_ref_array('wpforms_process...', Array)
#3 C:\xampp\htdocs\relofmes\wp-content\plugins\woocommerce\packages\action-scheduler\classes\abstracts\ActionScheduler_Abstract_QueueRunner.php(65): ActionScheduler_Action->execute()
#4 C:\xampp\htdocs\relofmes\wp-content\plugins\woocommerce\packages\action-scheduler\classes\ActionScheduler_QueueRunner.php(162): ActionScheduler_Abstract_QueueRunner->process_action(284, 'WP Cron')
#5 C:\xampp\htdocs\relofmes\wp-content\plugins\woocommerce\packages\action-scheduler\classes\ActionScheduler_QueueRunner.php(132): ActionScheduler_QueueRunner->do_batch(25, 'WP Cron')
#6 C:\xampp\htdocs\relofmes\wp-includes\class-wp-hook.php(292): ActionScheduler_QueueRunner->run('WP Cron')
#7 C:\xampp\htdocs\relofmes\wp-includes\class-wp-hook.php(316): WP_Hook->apply_filters('', Array)
#8 C:\xampp\htdocs\relofmes\wp-includes\plugin.php(551): WP_Hook->do_action(Array)
#9 C:\xampp\htdocs\relofmes\wp-cron.php(138): do_action_ref_array('action_schedule...', Array)
#10 {main}
  thrown en C:\xampp\htdocs\relofmes\wp-includes\class-wp-hook.php en la línea 292

2021-06-11T00:04:01+00:00 CRITICAL Uncaught Error: Unknown named parameter $tasks_meta_id in C:\xampp\htdocs\relofmes\wp-includes\class-wp-hook.php:292
Stack trace:
#0 C:\xampp\htdocs\relofmes\wp-includes\class-wp-hook.php(316): WP_Hook->apply_filters('', Array)
#1 C:\xampp\htdocs\relofmes\wp-includes\plugin.php(551): WP_Hook->do_action(Array)
#2 C:\xampp\htdocs\relofmes\wp-content\plugins\woocommerce\packages\action-scheduler\classes\actions\ActionScheduler_Action.php(22): do_action_ref_array('wpforms_admin_n...', Array)
#3 C:\xampp\htdocs\relofmes\wp-content\plugins\woocommerce\packages\action-scheduler\classes\abstracts\ActionScheduler_Abstract_QueueRunner.php(65): ActionScheduler_Action->execute()
#4 C:\xampp\htdocs\relofmes\wp-content\plugins\woocommerce\packages\action-scheduler\classes\ActionScheduler_QueueRunner.php(162): ActionScheduler_Abstract_QueueRunner->process_action(389, 'Async Request')
#5 C:\xampp\htdocs\relofmes\wp-content\plugins\woocommerce\packages\action-scheduler\classes\ActionScheduler_QueueRunner.php(132): ActionScheduler_QueueRunner->do_batch(25, 'Async Request')
#6 C:\xampp\htdocs\relofmes\wp-includes\class-wp-hook.php(292): ActionScheduler_QueueRunner->run('Async Request')
#7 C:\xampp\htdocs\relofmes\wp-includes\class-wp-hook.php(316): WP_Hook->apply_filters('', Array)
#8 C:\xampp\htdocs\relofmes\wp-includes\plugin.php(484): WP_Hook->do_action(Array)
#9 C:\xampp\htdocs\relofmes\wp-content\plugins\woocommerce\packages\action-scheduler\classes\ActionScheduler_AsyncRequest_QueueRunner.php(52): do_action('action_schedule...', 'Async Request')
#10 C:\xampp\htdocs\relofmes\wp-content\plugins\woocommerce\includes\libraries\wp-async-request.php(147): ActionScheduler_AsyncRequest_QueueRunner->handle()
#11 C:\xampp\htdocs\relofmes\wp-includes\class-wp-hook.php(292): WP_Async_Request->maybe_handle('')
#12 C:\xampp\htdocs\relofmes\wp-includes\class-wp-hook.php(316): WP_Hook->apply_filters('', Array)
#13 C:\xampp\htdocs\relofmes\wp-includes\plugin.php(484): WP_Hook->do_action(Array)
#14 C:\xampp\htdocs\relofmes\wp-admin\admin-ajax.php(187): do_action('wp_ajax_as_asyn...')
#15 {main}
  thrown en C:\xampp\htdocs\relofmes\wp-includes\class-wp-hook.php en la línea 292

2021-06-11T00:04:15+00:00 CRITICAL Uncaught Error: Unknown named parameter $tasks_meta_id in C:\xampp\htdocs\relofmes\wp-includes\class-wp-hook.php:292
Stack trace:
#0 C:\xampp\htdocs\relofmes\wp-includes\class-wp-hook.php(316): WP_Hook->apply_filters('', Array)
#1 C:\xampp\htdocs\relofmes\wp-includes\plugin.php(551): WP_Hook->do_action(Array)
#2 C:\xampp\htdocs\relofmes\wp-content\plugins\woocommerce\packages\action-scheduler\classes\actions\ActionScheduler_Action.php(22): do_action_ref_array('wpforms_admin_n...', Array)
#3 C:\xampp\htdocs\relofmes\wp-content\plugins\woocommerce\packages\action-scheduler\classes\abstracts\ActionScheduler_Abstract_QueueRunner.php(65): ActionScheduler_Action->execute()
#4 C:\xampp\htdocs\relofmes\wp-content\plugins\woocommerce\packages\action-scheduler\classes\ActionScheduler_QueueRunner.php(162): ActionScheduler_Abstract_QueueRunner->process_action(392, 'WP Cron')
#5 C:\xampp\htdocs\relofmes\wp-content\plugins\woocommerce\packages\action-scheduler\classes\ActionScheduler_QueueRunner.php(132): ActionScheduler_QueueRunner->do_batch(25, 'WP Cron')
#6 C:\xampp\htdocs\relofmes\wp-includes\class-wp-hook.php(292): ActionScheduler_QueueRunner->run('WP Cron')
#7 C:\xampp\htdocs\relofmes\wp-includes\class-wp-hook.php(316): WP_Hook->apply_filters('', Array)
#8 C:\xampp\htdocs\relofmes\wp-includes\plugin.php(551): WP_Hook->do_action(Array)
#9 C:\xampp\htdocs\relofmes\wp-cron.php(138): do_action_ref_array('action_schedule...', Array)
#10 {main}
  thrown en C:\xampp\htdocs\relofmes\wp-includes\class-wp-hook.php en la línea 292

2021-06-11T00:08:18+00:00 CRITICAL Uncaught Error: Unknown named parameter $tasks_meta_id in C:\xampp\htdocs\relofmes\wp-includes\class-wp-hook.php:292
Stack trace:
#0 C:\xampp\htdocs\relofmes\wp-includes\class-wp-hook.php(316): WP_Hook->apply_filters('', Array)
#1 C:\xampp\htdocs\relofmes\wp-includes\plugin.php(551): WP_Hook->do_action(Array)
#2 C:\xampp\htdocs\relofmes\wp-content\plugins\woocommerce\packages\action-scheduler\classes\actions\ActionScheduler_Action.php(22): do_action_ref_array('wpforms_admin_n...', Array)
#3 C:\xampp\htdocs\relofmes\wp-content\plugins\woocommerce\packages\action-scheduler\classes\abstracts\ActionScheduler_Abstract_QueueRunner.php(65): ActionScheduler_Action->execute()
#4 C:\xampp\htdocs\relofmes\wp-content\plugins\woocommerce\packages\action-scheduler\classes\ActionScheduler_QueueRunner.php(162): ActionScheduler_Abstract_QueueRunner->process_action(393, 'WP Cron')
#5 C:\xampp\htdocs\relofmes\wp-content\plugins\woocommerce\packages\action-scheduler\classes\ActionScheduler_QueueRunner.php(132): ActionScheduler_QueueRunner->do_batch(25, 'WP Cron')
#6 C:\xampp\htdocs\relofmes\wp-includes\class-wp-hook.php(292): ActionScheduler_QueueRunner->run('WP Cron')
#7 C:\xampp\htdocs\relofmes\wp-includes\class-wp-hook.php(316): WP_Hook->apply_filters('', Array)
#8 C:\xampp\htdocs\relofmes\wp-includes\plugin.php(551): WP_Hook->do_action(Array)
#9 C:\xampp\htdocs\relofmes\wp-cron.php(138): do_action_ref_array('action_schedule...', Array)
#10 {main}
  thrown en C:\xampp\htdocs\relofmes\wp-includes\class-wp-hook.php en la línea 292

2021-06-11T00:09:12+00:00 CRITICAL Uncaught Error: Unknown named parameter $tasks_meta_id in C:\xampp\htdocs\relofmes\wp-includes\class-wp-hook.php:292
Stack trace:
#0 C:\xampp\htdocs\relofmes\wp-includes\class-wp-hook.php(316): WP_Hook->apply_filters('', Array)
#1 C:\xampp\htdocs\relofmes\wp-includes\plugin.php(551): WP_Hook->do_action(Array)
#2 C:\xampp\htdocs\relofmes\wp-content\plugins\woocommerce\packages\action-scheduler\classes\actions\ActionScheduler_Action.php(22): do_action_ref_array('wpforms_admin_n...', Array)
#3 C:\xampp\htdocs\relofmes\wp-content\plugins\woocommerce\packages\action-scheduler\classes\abstracts\ActionScheduler_Abstract_QueueRunner.php(65): ActionScheduler_Action->execute()
#4 C:\xampp\htdocs\relofmes\wp-content\plugins\woocommerce\packages\action-scheduler\classes\ActionScheduler_QueueRunner.php(162): ActionScheduler_Abstract_QueueRunner->process_action(394, 'Async Request')
#5 C:\xampp\htdocs\relofmes\wp-content\plugins\woocommerce\packages\action-scheduler\classes\ActionScheduler_QueueRunner.php(132): ActionScheduler_QueueRunner->do_batch(25, 'Async Request')
#6 C:\xampp\htdocs\relofmes\wp-includes\class-wp-hook.php(292): ActionScheduler_QueueRunner->run('Async Request')
#7 C:\xampp\htdocs\relofmes\wp-includes\class-wp-hook.php(316): WP_Hook->apply_filters('', Array)
#8 C:\xampp\htdocs\relofmes\wp-includes\plugin.php(484): WP_Hook->do_action(Array)
#9 C:\xampp\htdocs\relofmes\wp-content\plugins\woocommerce\packages\action-scheduler\classes\ActionScheduler_AsyncRequest_QueueRunner.php(52): do_action('action_schedule...', 'Async Request')
#10 C:\xampp\htdocs\relofmes\wp-content\plugins\woocommerce\includes\libraries\wp-async-request.php(147): ActionScheduler_AsyncRequest_QueueRunner->handle()
#11 C:\xampp\htdocs\relofmes\wp-includes\class-wp-hook.php(292): WP_Async_Request->maybe_handle('')
#12 C:\xampp\htdocs\relofmes\wp-includes\class-wp-hook.php(316): WP_Hook->apply_filters('', Array)
#13 C:\xampp\htdocs\relofmes\wp-includes\plugin.php(484): WP_Hook->do_action(Array)
#14 C:\xampp\htdocs\relofmes\wp-admin\admin-ajax.php(187): do_action('wp_ajax_as_asyn...')
#15 {main}
  thrown en C:\xampp\htdocs\relofmes\wp-includes\class-wp-hook.php en la línea 292

2021-06-11T00:09:20+00:00 CRITICAL Uncaught Error: Unknown named parameter $tasks_meta_id in C:\xampp\htdocs\relofmes\wp-includes\class-wp-hook.php:292
Stack trace:
#0 C:\xampp\htdocs\relofmes\wp-includes\class-wp-hook.php(316): WP_Hook->apply_filters('', Array)
#1 C:\xampp\htdocs\relofmes\wp-includes\plugin.php(551): WP_Hook->do_action(Array)
#2 C:\xampp\htdocs\relofmes\wp-content\plugins\woocommerce\packages\action-scheduler\classes\actions\ActionScheduler_Action.php(22): do_action_ref_array('wpforms_admin_n...', Array)
#3 C:\xampp\htdocs\relofmes\wp-content\plugins\woocommerce\packages\action-scheduler\classes\abstracts\ActionScheduler_Abstract_QueueRunner.php(65): ActionScheduler_Action->execute()
#4 C:\xampp\htdocs\relofmes\wp-content\plugins\woocommerce\packages\action-scheduler\classes\ActionScheduler_QueueRunner.php(162): ActionScheduler_Abstract_QueueRunner->process_action(395, 'WP Cron')
#5 C:\xampp\htdocs\relofmes\wp-content\plugins\woocommerce\packages\action-scheduler\classes\ActionScheduler_QueueRunner.php(132): ActionScheduler_QueueRunner->do_batch(25, 'WP Cron')
#6 C:\xampp\htdocs\relofmes\wp-includes\class-wp-hook.php(292): ActionScheduler_QueueRunner->run('WP Cron')
#7 C:\xampp\htdocs\relofmes\wp-includes\class-wp-hook.php(316): WP_Hook->apply_filters('', Array)
#8 C:\xampp\htdocs\relofmes\wp-includes\plugin.php(551): WP_Hook->do_action(Array)
#9 C:\xampp\htdocs\relofmes\wp-cron.php(138): do_action_ref_array('action_schedule...', Array)
#10 {main}
  thrown en C:\xampp\htdocs\relofmes\wp-includes\class-wp-hook.php en la línea 292

2021-06-11T00:10:17+00:00 CRITICAL Uncaught Error: Unknown named parameter $tasks_meta_id in C:\xampp\htdocs\relofmes\wp-includes\class-wp-hook.php:292
Stack trace:
#0 C:\xampp\htdocs\relofmes\wp-includes\class-wp-hook.php(316): WP_Hook->apply_filters('', Array)
#1 C:\xampp\htdocs\relofmes\wp-includes\plugin.php(551): WP_Hook->do_action(Array)
#2 C:\xampp\htdocs\relofmes\wp-content\plugins\woocommerce\packages\action-scheduler\classes\actions\ActionScheduler_Action.php(22): do_action_ref_array('wpforms_admin_n...', Array)
#3 C:\xampp\htdocs\relofmes\wp-content\plugins\woocommerce\packages\action-scheduler\classes\abstracts\ActionScheduler_Abstract_QueueRunner.php(65): ActionScheduler_Action->execute()
#4 C:\xampp\htdocs\relofmes\wp-content\plugins\woocommerce\packages\action-scheduler\classes\ActionScheduler_QueueRunner.php(162): ActionScheduler_Abstract_QueueRunner->process_action(396, 'Async Request')
#5 C:\xampp\htdocs\relofmes\wp-content\plugins\woocommerce\packages\action-scheduler\classes\ActionScheduler_QueueRunner.php(132): ActionScheduler_QueueRunner->do_batch(25, 'Async Request')
#6 C:\xampp\htdocs\relofmes\wp-includes\class-wp-hook.php(292): ActionScheduler_QueueRunner->run('Async Request')
#7 C:\xampp\htdocs\relofmes\wp-includes\class-wp-hook.php(316): WP_Hook->apply_filters('', Array)
#8 C:\xampp\htdocs\relofmes\wp-includes\plugin.php(484): WP_Hook->do_action(Array)
#9 C:\xampp\htdocs\relofmes\wp-content\plugins\woocommerce\packages\action-scheduler\classes\ActionScheduler_AsyncRequest_QueueRunner.php(52): do_action('action_schedule...', 'Async Request')
#10 C:\xampp\htdocs\relofmes\wp-content\plugins\woocommerce\includes\libraries\wp-async-request.php(147): ActionScheduler_AsyncRequest_QueueRunner->handle()
#11 C:\xampp\htdocs\relofmes\wp-includes\class-wp-hook.php(292): WP_Async_Request->maybe_handle('')
#12 C:\xampp\htdocs\relofmes\wp-includes\class-wp-hook.php(316): WP_Hook->apply_filters('', Array)
#13 C:\xampp\htdocs\relofmes\wp-includes\plugin.php(484): WP_Hook->do_action(Array)
#14 C:\xampp\htdocs\relofmes\wp-admin\admin-ajax.php(187): do_action('wp_ajax_as_asyn...')
#15 {main}
  thrown en C:\xampp\htdocs\relofmes\wp-includes\class-wp-hook.php en la línea 292

2021-06-11T00:12:58+00:00 CRITICAL Uncaught Error: Unknown named parameter $tasks_meta_id in C:\xampp\htdocs\relofmes\wp-includes\class-wp-hook.php:292
Stack trace:
#0 C:\xampp\htdocs\relofmes\wp-includes\class-wp-hook.php(316): WP_Hook->apply_filters('', Array)
#1 C:\xampp\htdocs\relofmes\wp-includes\plugin.php(551): WP_Hook->do_action(Array)
#2 C:\xampp\htdocs\relofmes\wp-content\plugins\woocommerce\packages\action-scheduler\classes\actions\ActionScheduler_Action.php(22): do_action_ref_array('wpforms_admin_n...', Array)
#3 C:\xampp\htdocs\relofmes\wp-content\plugins\woocommerce\packages\action-scheduler\classes\abstracts\ActionScheduler_Abstract_QueueRunner.php(65): ActionScheduler_Action->execute()
#4 C:\xampp\htdocs\relofmes\wp-content\plugins\woocommerce\packages\action-scheduler\classes\ActionScheduler_QueueRunner.php(162): ActionScheduler_Abstract_QueueRunner->process_action(398, 'WP Cron')
#5 C:\xampp\htdocs\relofmes\wp-content\plugins\woocommerce\packages\action-scheduler\classes\ActionScheduler_QueueRunner.php(132): ActionScheduler_QueueRunner->do_batch(25, 'WP Cron')
#6 C:\xampp\htdocs\relofmes\wp-includes\class-wp-hook.php(292): ActionScheduler_QueueRunner->run('WP Cron')
#7 C:\xampp\htdocs\relofmes\wp-includes\class-wp-hook.php(316): WP_Hook->apply_filters('', Array)
#8 C:\xampp\htdocs\relofmes\wp-includes\plugin.php(551): WP_Hook->do_action(Array)
#9 C:\xampp\htdocs\relofmes\wp-cron.php(138): do_action_ref_array('action_schedule...', Array)
#10 {main}
  thrown en C:\xampp\htdocs\relofmes\wp-includes\class-wp-hook.php en la línea 292

2021-06-11T00:16:51+00:00 CRITICAL Uncaught Error: Unknown named parameter $tasks_meta_id in C:\xampp\htdocs\relofmes\wp-includes\class-wp-hook.php:292
Stack trace:
#0 C:\xampp\htdocs\relofmes\wp-includes\class-wp-hook.php(316): WP_Hook->apply_filters('', Array)
#1 C:\xampp\htdocs\relofmes\wp-includes\plugin.php(551): WP_Hook->do_action(Array)
#2 C:\xampp\htdocs\relofmes\wp-content\plugins\woocommerce\packages\action-scheduler\classes\actions\ActionScheduler_Action.php(22): do_action_ref_array('wpforms_admin_n...', Array)
#3 C:\xampp\htdocs\relofmes\wp-content\plugins\woocommerce\packages\action-scheduler\classes\abstracts\ActionScheduler_Abstract_QueueRunner.php(65): ActionScheduler_Action->execute()
#4 C:\xampp\htdocs\relofmes\wp-content\plugins\woocommerce\packages\action-scheduler\classes\ActionScheduler_QueueRunner.php(162): ActionScheduler_Abstract_QueueRunner->process_action(401, 'WP Cron')
#5 C:\xampp\htdocs\relofmes\wp-content\plugins\woocommerce\packages\action-scheduler\classes\ActionScheduler_QueueRunner.php(132): ActionScheduler_QueueRunner->do_batch(25, 'WP Cron')
#6 C:\xampp\htdocs\relofmes\wp-includes\class-wp-hook.php(292): ActionScheduler_QueueRunner->run('WP Cron')
#7 C:\xampp\htdocs\relofmes\wp-includes\class-wp-hook.php(316): WP_Hook->apply_filters('', Array)
#8 C:\xampp\htdocs\relofmes\wp-includes\plugin.php(551): WP_Hook->do_action(Array)
#9 C:\xampp\htdocs\relofmes\wp-cron.php(138): do_action_ref_array('action_schedule...', Array)
#10 {main}
  thrown en C:\xampp\htdocs\relofmes\wp-includes\class-wp-hook.php en la línea 292

2021-06-11T00:18:30+00:00 CRITICAL Uncaught Error: Unknown named parameter $tasks_meta_id in C:\xampp\htdocs\relofmes\wp-includes\class-wp-hook.php:292
Stack trace:
#0 C:\xampp\htdocs\relofmes\wp-includes\class-wp-hook.php(316): WP_Hook->apply_filters('', Array)
#1 C:\xampp\htdocs\relofmes\wp-includes\plugin.php(551): WP_Hook->do_action(Array)
#2 C:\xampp\htdocs\relofmes\wp-content\plugins\woocommerce\packages\action-scheduler\classes\actions\ActionScheduler_Action.php(22): do_action_ref_array('wpforms_admin_n...', Array)
#3 C:\xampp\htdocs\relofmes\wp-content\plugins\woocommerce\packages\action-scheduler\classes\abstracts\ActionScheduler_Abstract_QueueRunner.php(65): ActionScheduler_Action->execute()
#4 C:\xampp\htdocs\relofmes\wp-content\plugins\woocommerce\packages\action-scheduler\classes\ActionScheduler_QueueRunner.php(162): ActionScheduler_Abstract_QueueRunner->process_action(402, 'WP Cron')
#5 C:\xampp\htdocs\relofmes\wp-content\plugins\woocommerce\packages\action-scheduler\classes\ActionScheduler_QueueRunner.php(132): ActionScheduler_QueueRunner->do_batch(25, 'WP Cron')
#6 C:\xampp\htdocs\relofmes\wp-includes\class-wp-hook.php(292): ActionScheduler_QueueRunner->run('WP Cron')
#7 C:\xampp\htdocs\relofmes\wp-includes\class-wp-hook.php(316): WP_Hook->apply_filters('', Array)
#8 C:\xampp\htdocs\relofmes\wp-includes\plugin.php(551): WP_Hook->do_action(Array)
#9 C:\xampp\htdocs\relofmes\wp-cron.php(138): do_action_ref_array('action_schedule...', Array)
#10 {main}
  thrown en C:\xampp\htdocs\relofmes\wp-includes\class-wp-hook.php en la línea 292

2021-06-11T00:18:43+00:00 CRITICAL Uncaught Error: Unknown named parameter $tasks_meta_id in C:\xampp\htdocs\relofmes\wp-includes\class-wp-hook.php:292
Stack trace:
#0 C:\xampp\htdocs\relofmes\wp-includes\class-wp-hook.php(316): WP_Hook->apply_filters('', Array)
#1 C:\xampp\htdocs\relofmes\wp-includes\plugin.php(551): WP_Hook->do_action(Array)
#2 C:\xampp\htdocs\relofmes\wp-content\plugins\woocommerce\packages\action-scheduler\classes\actions\ActionScheduler_Action.php(22): do_action_ref_array('wpforms_admin_n...', Array)
#3 C:\xampp\htdocs\relofmes\wp-content\plugins\woocommerce\packages\action-scheduler\classes\abstracts\ActionScheduler_Abstract_QueueRunner.php(65): ActionScheduler_Action->execute()
#4 C:\xampp\htdocs\relofmes\wp-content\plugins\woocommerce\packages\action-scheduler\classes\ActionScheduler_QueueRunner.php(162): ActionScheduler_Abstract_QueueRunner->process_action(404, 'Async Request')
#5 C:\xampp\htdocs\relofmes\wp-content\plugins\woocommerce\packages\action-scheduler\classes\ActionScheduler_QueueRunner.php(132): ActionScheduler_QueueRunner->do_batch(25, 'Async Request')
#6 C:\xampp\htdocs\relofmes\wp-includes\class-wp-hook.php(292): ActionScheduler_QueueRunner->run('Async Request')
#7 C:\xampp\htdocs\relofmes\wp-includes\class-wp-hook.php(316): WP_Hook->apply_filters('', Array)
#8 C:\xampp\htdocs\relofmes\wp-includes\plugin.php(484): WP_Hook->do_action(Array)
#9 C:\xampp\htdocs\relofmes\wp-content\plugins\woocommerce\packages\action-scheduler\classes\ActionScheduler_AsyncRequest_QueueRunner.php(52): do_action('action_schedule...', 'Async Request')
#10 C:\xampp\htdocs\relofmes\wp-content\plugins\woocommerce\includes\libraries\wp-async-request.php(147): ActionScheduler_AsyncRequest_QueueRunner->handle()
#11 C:\xampp\htdocs\relofmes\wp-includes\class-wp-hook.php(292): WP_Async_Request->maybe_handle('')
#12 C:\xampp\htdocs\relofmes\wp-includes\class-wp-hook.php(316): WP_Hook->apply_filters('', Array)
#13 C:\xampp\htdocs\relofmes\wp-includes\plugin.php(484): WP_Hook->do_action(Array)
#14 C:\xampp\htdocs\relofmes\wp-admin\admin-ajax.php(187): do_action('wp_ajax_as_asyn...')
#15 {main}
  thrown en C:\xampp\htdocs\relofmes\wp-includes\class-wp-hook.php en la línea 292

2021-06-11T00:19:48+00:00 CRITICAL Uncaught Error: Unknown named parameter $tasks_meta_id in C:\xampp\htdocs\relofmes\wp-includes\class-wp-hook.php:292
Stack trace:
#0 C:\xampp\htdocs\relofmes\wp-includes\class-wp-hook.php(316): WP_Hook->apply_filters('', Array)
#1 C:\xampp\htdocs\relofmes\wp-includes\plugin.php(551): WP_Hook->do_action(Array)
#2 C:\xampp\htdocs\relofmes\wp-content\plugins\woocommerce\packages\action-scheduler\classes\actions\ActionScheduler_Action.php(22): do_action_ref_array('wpforms_admin_n...', Array)
#3 C:\xampp\htdocs\relofmes\wp-content\plugins\woocommerce\packages\action-scheduler\classes\abstracts\ActionScheduler_Abstract_QueueRunner.php(65): ActionScheduler_Action->execute()
#4 C:\xampp\htdocs\relofmes\wp-content\plugins\woocommerce\packages\action-scheduler\classes\ActionScheduler_QueueRunner.php(162): ActionScheduler_Abstract_QueueRunner->process_action(405, 'Async Request')
#5 C:\xampp\htdocs\relofmes\wp-content\plugins\woocommerce\packages\action-scheduler\classes\ActionScheduler_QueueRunner.php(132): ActionScheduler_QueueRunner->do_batch(25, 'Async Request')
#6 C:\xampp\htdocs\relofmes\wp-includes\class-wp-hook.php(292): ActionScheduler_QueueRunner->run('Async Request')
#7 C:\xampp\htdocs\relofmes\wp-includes\class-wp-hook.php(316): WP_Hook->apply_filters('', Array)
#8 C:\xampp\htdocs\relofmes\wp-includes\plugin.php(484): WP_Hook->do_action(Array)
#9 C:\xampp\htdocs\relofmes\wp-content\plugins\woocommerce\packages\action-scheduler\classes\ActionScheduler_AsyncRequest_QueueRunner.php(52): do_action('action_schedule...', 'Async Request')
#10 C:\xampp\htdocs\relofmes\wp-content\plugins\woocommerce\includes\libraries\wp-async-request.php(147): ActionScheduler_AsyncRequest_QueueRunner->handle()
#11 C:\xampp\htdocs\relofmes\wp-includes\class-wp-hook.php(292): WP_Async_Request->maybe_handle('')
#12 C:\xampp\htdocs\relofmes\wp-includes\class-wp-hook.php(316): WP_Hook->apply_filters('', Array)
#13 C:\xampp\htdocs\relofmes\wp-includes\plugin.php(484): WP_Hook->do_action(Array)
#14 C:\xampp\htdocs\relofmes\wp-admin\admin-ajax.php(187): do_action('wp_ajax_as_asyn...')
#15 {main}
  thrown en C:\xampp\htdocs\relofmes\wp-includes\class-wp-hook.php en la línea 292

2021-06-11T00:22:17+00:00 CRITICAL Uncaught Error: Unknown named parameter $tasks_meta_id in C:\xampp\htdocs\relofmes\wp-includes\class-wp-hook.php:292
Stack trace:
#0 C:\xampp\htdocs\relofmes\wp-includes\class-wp-hook.php(316): WP_Hook->apply_filters('', Array)
#1 C:\xampp\htdocs\relofmes\wp-includes\plugin.php(551): WP_Hook->do_action(Array)
#2 C:\xampp\htdocs\relofmes\wp-content\plugins\woocommerce\packages\action-scheduler\classes\actions\ActionScheduler_Action.php(22): do_action_ref_array('wpforms_admin_n...', Array)
#3 C:\xampp\htdocs\relofmes\wp-content\plugins\woocommerce\packages\action-scheduler\classes\abstracts\ActionScheduler_Abstract_QueueRunner.php(65): ActionScheduler_Action->execute()
#4 C:\xampp\htdocs\relofmes\wp-content\plugins\woocommerce\packages\action-scheduler\classes\ActionScheduler_QueueRunner.php(162): ActionScheduler_Abstract_QueueRunner->process_action(406, 'WP Cron')
#5 C:\xampp\htdocs\relofmes\wp-content\plugins\woocommerce\packages\action-scheduler\classes\ActionScheduler_QueueRunner.php(132): ActionScheduler_QueueRunner->do_batch(25, 'WP Cron')
#6 C:\xampp\htdocs\relofmes\wp-includes\class-wp-hook.php(292): ActionScheduler_QueueRunner->run('WP Cron')
#7 C:\xampp\htdocs\relofmes\wp-includes\class-wp-hook.php(316): WP_Hook->apply_filters('', Array)
#8 C:\xampp\htdocs\relofmes\wp-includes\plugin.php(551): WP_Hook->do_action(Array)
#9 C:\xampp\htdocs\relofmes\wp-cron.php(138): do_action_ref_array('action_schedule...', Array)
#10 {main}
  thrown en C:\xampp\htdocs\relofmes\wp-includes\class-wp-hook.php en la línea 292

2021-06-11T00:22:53+00:00 CRITICAL Uncaught Error: Unknown named parameter $tasks_meta_id in C:\xampp\htdocs\relofmes\wp-includes\class-wp-hook.php:292
Stack trace:
#0 C:\xampp\htdocs\relofmes\wp-includes\class-wp-hook.php(316): WP_Hook->apply_filters('', Array)
#1 C:\xampp\htdocs\relofmes\wp-includes\plugin.php(551): WP_Hook->do_action(Array)
#2 C:\xampp\htdocs\relofmes\wp-content\plugins\woocommerce\packages\action-scheduler\classes\actions\ActionScheduler_Action.php(22): do_action_ref_array('wpforms_admin_n...', Array)
#3 C:\xampp\htdocs\relofmes\wp-content\plugins\woocommerce\packages\action-scheduler\classes\abstracts\ActionScheduler_Abstract_QueueRunner.php(65): ActionScheduler_Action->execute()
#4 C:\xampp\htdocs\relofmes\wp-content\plugins\woocommerce\packages\action-scheduler\classes\ActionScheduler_QueueRunner.php(162): ActionScheduler_Abstract_QueueRunner->process_action(408, 'Async Request')
#5 C:\xampp\htdocs\relofmes\wp-content\plugins\woocommerce\packages\action-scheduler\classes\ActionScheduler_QueueRunner.php(132): ActionScheduler_QueueRunner->do_batch(25, 'Async Request')
#6 C:\xampp\htdocs\relofmes\wp-includes\class-wp-hook.php(292): ActionScheduler_QueueRunner->run('Async Request')
#7 C:\xampp\htdocs\relofmes\wp-includes\class-wp-hook.php(316): WP_Hook->apply_filters('', Array)
#8 C:\xampp\htdocs\relofmes\wp-includes\plugin.php(484): WP_Hook->do_action(Array)
#9 C:\xampp\htdocs\relofmes\wp-content\plugins\woocommerce\packages\action-scheduler\classes\ActionScheduler_AsyncRequest_QueueRunner.php(52): do_action('action_schedule...', 'Async Request')
#10 C:\xampp\htdocs\relofmes\wp-content\plugins\woocommerce\includes\libraries\wp-async-request.php(147): ActionScheduler_AsyncRequest_QueueRunner->handle()
#11 C:\xampp\htdocs\relofmes\wp-includes\class-wp-hook.php(292): WP_Async_Request->maybe_handle('')
#12 C:\xampp\htdocs\relofmes\wp-includes\class-wp-hook.php(316): WP_Hook->apply_filters('', Array)
#13 C:\xampp\htdocs\relofmes\wp-includes\plugin.php(484): WP_Hook->do_action(Array)
#14 C:\xampp\htdocs\relofmes\wp-admin\admin-ajax.php(187): do_action('wp_ajax_as_asyn...')
#15 {main}
  thrown en C:\xampp\htdocs\relofmes\wp-includes\class-wp-hook.php en la línea 292

2021-06-11T00:23:49+00:00 CRITICAL Uncaught Error: Unknown named parameter $tasks_meta_id in C:\xampp\htdocs\relofmes\wp-includes\class-wp-hook.php:292
Stack trace:
#0 C:\xampp\htdocs\relofmes\wp-includes\class-wp-hook.php(316): WP_Hook->apply_filters('', Array)
#1 C:\xampp\htdocs\relofmes\wp-includes\plugin.php(551): WP_Hook->do_action(Array)
#2 C:\xampp\htdocs\relofmes\wp-content\plugins\woocommerce\packages\action-scheduler\classes\actions\ActionScheduler_Action.php(22): do_action_ref_array('wpforms_admin_n...', Array)
#3 C:\xampp\htdocs\relofmes\wp-content\plugins\woocommerce\packages\action-scheduler\classes\abstracts\ActionScheduler_Abstract_QueueRunner.php(65): ActionScheduler_Action->execute()
#4 C:\xampp\htdocs\relofmes\wp-content\plugins\woocommerce\packages\action-scheduler\classes\ActionScheduler_QueueRunner.php(162): ActionScheduler_Abstract_QueueRunner->process_action(409, 'WP Cron')
#5 C:\xampp\htdocs\relofmes\wp-content\plugins\woocommerce\packages\action-scheduler\classes\ActionScheduler_QueueRunner.php(132): ActionScheduler_QueueRunner->do_batch(25, 'WP Cron')
#6 C:\xampp\htdocs\relofmes\wp-includes\class-wp-hook.php(292): ActionScheduler_QueueRunner->run('WP Cron')
#7 C:\xampp\htdocs\relofmes\wp-includes\class-wp-hook.php(316): WP_Hook->apply_filters('', Array)
#8 C:\xampp\htdocs\relofmes\wp-includes\plugin.php(551): WP_Hook->do_action(Array)
#9 C:\xampp\htdocs\relofmes\wp-cron.php(138): do_action_ref_array('action_schedule...', Array)
#10 {main}
  thrown en C:\xampp\htdocs\relofmes\wp-includes\class-wp-hook.php en la línea 292

2021-06-11T00:28:56+00:00 CRITICAL Uncaught Error: Unknown named parameter $tasks_meta_id in C:\xampp\htdocs\relofmes\wp-includes\class-wp-hook.php:292
Stack trace:
#0 C:\xampp\htdocs\relofmes\wp-includes\class-wp-hook.php(316): WP_Hook->apply_filters('', Array)
#1 C:\xampp\htdocs\relofmes\wp-includes\plugin.php(551): WP_Hook->do_action(Array)
#2 C:\xampp\htdocs\relofmes\wp-content\plugins\woocommerce\packages\action-scheduler\classes\actions\ActionScheduler_Action.php(22): do_action_ref_array('wpforms_admin_n...', Array)
#3 C:\xampp\htdocs\relofmes\wp-content\plugins\woocommerce\packages\action-scheduler\classes\abstracts\ActionScheduler_Abstract_QueueRunner.php(65): ActionScheduler_Action->execute()
#4 C:\xampp\htdocs\relofmes\wp-content\plugins\woocommerce\packages\action-scheduler\classes\ActionScheduler_QueueRunner.php(162): ActionScheduler_Abstract_QueueRunner->process_action(411, 'WP Cron')
#5 C:\xampp\htdocs\relofmes\wp-content\plugins\woocommerce\packages\action-scheduler\classes\ActionScheduler_QueueRunner.php(132): ActionScheduler_QueueRunner->do_batch(25, 'WP Cron')
#6 C:\xampp\htdocs\relofmes\wp-includes\class-wp-hook.php(292): ActionScheduler_QueueRunner->run('WP Cron')
#7 C:\xampp\htdocs\relofmes\wp-includes\class-wp-hook.php(316): WP_Hook->apply_filters('', Array)
#8 C:\xampp\htdocs\relofmes\wp-includes\plugin.php(551): WP_Hook->do_action(Array)
#9 C:\xampp\htdocs\relofmes\wp-cron.php(138): do_action_ref_array('action_schedule...', Array)
#10 {main}
  thrown en C:\xampp\htdocs\relofmes\wp-includes\class-wp-hook.php en la línea 292

2021-06-11T00:31:19+00:00 CRITICAL Uncaught Error: Unknown named parameter $tasks_meta_id in C:\xampp\htdocs\relofmes\wp-includes\class-wp-hook.php:292
Stack trace:
#0 C:\xampp\htdocs\relofmes\wp-includes\class-wp-hook.php(316): WP_Hook->apply_filters('', Array)
#1 C:\xampp\htdocs\relofmes\wp-includes\plugin.php(551): WP_Hook->do_action(Array)
#2 C:\xampp\htdocs\relofmes\wp-content\plugins\woocommerce\packages\action-scheduler\classes\actions\ActionScheduler_Action.php(22): do_action_ref_array('wpforms_admin_n...', Array)
#3 C:\xampp\htdocs\relofmes\wp-content\plugins\woocommerce\packages\action-scheduler\classes\abstracts\ActionScheduler_Abstract_QueueRunner.php(65): ActionScheduler_Action->execute()
#4 C:\xampp\htdocs\relofmes\wp-content\plugins\woocommerce\packages\action-scheduler\classes\ActionScheduler_QueueRunner.php(162): ActionScheduler_Abstract_QueueRunner->process_action(413, 'WP Cron')
#5 C:\xampp\htdocs\relofmes\wp-content\plugins\woocommerce\packages\action-scheduler\classes\ActionScheduler_QueueRunner.php(132): ActionScheduler_QueueRunner->do_batch(25, 'WP Cron')
#6 C:\xampp\htdocs\relofmes\wp-includes\class-wp-hook.php(292): ActionScheduler_QueueRunner->run('WP Cron')
#7 C:\xampp\htdocs\relofmes\wp-includes\class-wp-hook.php(316): WP_Hook->apply_filters('', Array)
#8 C:\xampp\htdocs\relofmes\wp-includes\plugin.php(551): WP_Hook->do_action(Array)
#9 C:\xampp\htdocs\relofmes\wp-cron.php(138): do_action_ref_array('action_schedule...', Array)
#10 {main}
  thrown en C:\xampp\htdocs\relofmes\wp-includes\class-wp-hook.php en la línea 292

2021-06-11T00:32:23+00:00 CRITICAL Uncaught Error: Unknown named parameter $tasks_meta_id in C:\xampp\htdocs\relofmes\wp-includes\class-wp-hook.php:292
Stack trace:
#0 C:\xampp\htdocs\relofmes\wp-includes\class-wp-hook.php(316): WP_Hook->apply_filters('', Array)
#1 C:\xampp\htdocs\relofmes\wp-includes\plugin.php(551): WP_Hook->do_action(Array)
#2 C:\xampp\htdocs\relofmes\wp-content\plugins\woocommerce\packages\action-scheduler\classes\actions\ActionScheduler_Action.php(22): do_action_ref_array('wpforms_admin_n...', Array)
#3 C:\xampp\htdocs\relofmes\wp-content\plugins\woocommerce\packages\action-scheduler\classes\abstracts\ActionScheduler_Abstract_QueueRunner.php(65): ActionScheduler_Action->execute()
#4 C:\xampp\htdocs\relofmes\wp-content\plugins\woocommerce\packages\action-scheduler\classes\ActionScheduler_QueueRunner.php(162): ActionScheduler_Abstract_QueueRunner->process_action(414, 'WP Cron')
#5 C:\xampp\htdocs\relofmes\wp-content\plugins\woocommerce\packages\action-scheduler\classes\ActionScheduler_QueueRunner.php(132): ActionScheduler_QueueRunner->do_batch(25, 'WP Cron')
#6 C:\xampp\htdocs\relofmes\wp-includes\class-wp-hook.php(292): ActionScheduler_QueueRunner->run('WP Cron')
#7 C:\xampp\htdocs\relofmes\wp-includes\class-wp-hook.php(316): WP_Hook->apply_filters('', Array)
#8 C:\xampp\htdocs\relofmes\wp-includes\plugin.php(551): WP_Hook->do_action(Array)
#9 C:\xampp\htdocs\relofmes\wp-cron.php(138): do_action_ref_array('action_schedule...', Array)
#10 {main}
  thrown en C:\xampp\htdocs\relofmes\wp-includes\class-wp-hook.php en la línea 292

2021-06-11T00:33:35+00:00 CRITICAL Uncaught Error: Unknown named parameter $tasks_meta_id in C:\xampp\htdocs\relofmes\wp-includes\class-wp-hook.php:292
Stack trace:
#0 C:\xampp\htdocs\relofmes\wp-includes\class-wp-hook.php(316): WP_Hook->apply_filters('', Array)
#1 C:\xampp\htdocs\relofmes\wp-includes\plugin.php(551): WP_Hook->do_action(Array)
#2 C:\xampp\htdocs\relofmes\wp-content\plugins\woocommerce\packages\action-scheduler\classes\actions\ActionScheduler_Action.php(22): do_action_ref_array('wpforms_admin_n...', Array)
#3 C:\xampp\htdocs\relofmes\wp-content\plugins\woocommerce\packages\action-scheduler\classes\abstracts\ActionScheduler_Abstract_QueueRunner.php(65): ActionScheduler_Action->execute()
#4 C:\xampp\htdocs\relofmes\wp-content\plugins\woocommerce\packages\action-scheduler\classes\ActionScheduler_QueueRunner.php(162): ActionScheduler_Abstract_QueueRunner->process_action(417, 'Async Request')
#5 C:\xampp\htdocs\relofmes\wp-content\plugins\woocommerce\packages\action-scheduler\classes\ActionScheduler_QueueRunner.php(132): ActionScheduler_QueueRunner->do_batch(25, 'Async Request')
#6 C:\xampp\htdocs\relofmes\wp-includes\class-wp-hook.php(292): ActionScheduler_QueueRunner->run('Async Request')
#7 C:\xampp\htdocs\relofmes\wp-includes\class-wp-hook.php(316): WP_Hook->apply_filters('', Array)
#8 C:\xampp\htdocs\relofmes\wp-includes\plugin.php(484): WP_Hook->do_action(Array)
#9 C:\xampp\htdocs\relofmes\wp-content\plugins\woocommerce\packages\action-scheduler\classes\ActionScheduler_AsyncRequest_QueueRunner.php(52): do_action('action_schedule...', 'Async Request')
#10 C:\xampp\htdocs\relofmes\wp-content\plugins\woocommerce\includes\libraries\wp-async-request.php(147): ActionScheduler_AsyncRequest_QueueRunner->handle()
#11 C:\xampp\htdocs\relofmes\wp-includes\class-wp-hook.php(292): WP_Async_Request->maybe_handle('')
#12 C:\xampp\htdocs\relofmes\wp-includes\class-wp-hook.php(316): WP_Hook->apply_filters('', Array)
#13 C:\xampp\htdocs\relofmes\wp-includes\plugin.php(484): WP_Hook->do_action(Array)
#14 C:\xampp\htdocs\relofmes\wp-admin\admin-ajax.php(187): do_action('wp_ajax_as_asyn...')
#15 {main}
  thrown en C:\xampp\htdocs\relofmes\wp-includes\class-wp-hook.php en la línea 292

2021-06-11T00:34:30+00:00 CRITICAL Uncaught Error: Unknown named parameter $tasks_meta_id in C:\xampp\htdocs\relofmes\wp-includes\class-wp-hook.php:292
Stack trace:
#0 C:\xampp\htdocs\relofmes\wp-includes\class-wp-hook.php(316): WP_Hook->apply_filters('', Array)
#1 C:\xampp\htdocs\relofmes\wp-includes\plugin.php(551): WP_Hook->do_action(Array)
#2 C:\xampp\htdocs\relofmes\wp-content\plugins\woocommerce\packages\action-scheduler\classes\actions\ActionScheduler_Action.php(22): do_action_ref_array('wpforms_admin_n...', Array)
#3 C:\xampp\htdocs\relofmes\wp-content\plugins\woocommerce\packages\action-scheduler\classes\abstracts\ActionScheduler_Abstract_QueueRunner.php(65): ActionScheduler_Action->execute()
#4 C:\xampp\htdocs\relofmes\wp-content\plugins\woocommerce\packages\action-scheduler\classes\ActionScheduler_QueueRunner.php(162): ActionScheduler_Abstract_QueueRunner->process_action(419, 'Async Request')
#5 C:\xampp\htdocs\relofmes\wp-content\plugins\woocommerce\packages\action-scheduler\classes\ActionScheduler_QueueRunner.php(132): ActionScheduler_QueueRunner->do_batch(25, 'Async Request')
#6 C:\xampp\htdocs\relofmes\wp-includes\class-wp-hook.php(292): ActionScheduler_QueueRunner->run('Async Request')
#7 C:\xampp\htdocs\relofmes\wp-includes\class-wp-hook.php(316): WP_Hook->apply_filters('', Array)
#8 C:\xampp\htdocs\relofmes\wp-includes\plugin.php(484): WP_Hook->do_action(Array)
#9 C:\xampp\htdocs\relofmes\wp-content\plugins\woocommerce\packages\action-scheduler\classes\ActionScheduler_AsyncRequest_QueueRunner.php(52): do_action('action_schedule...', 'Async Request')
#10 C:\xampp\htdocs\relofmes\wp-content\plugins\woocommerce\includes\libraries\wp-async-request.php(147): ActionScheduler_AsyncRequest_QueueRunner->handle()
#11 C:\xampp\htdocs\relofmes\wp-includes\class-wp-hook.php(292): WP_Async_Request->maybe_handle('')
#12 C:\xampp\htdocs\relofmes\wp-includes\class-wp-hook.php(316): WP_Hook->apply_filters('', Array)
#13 C:\xampp\htdocs\relofmes\wp-includes\plugin.php(484): WP_Hook->do_action(Array)
#14 C:\xampp\htdocs\relofmes\wp-admin\admin-ajax.php(187): do_action('wp_ajax_as_asyn...')
#15 {main}
  thrown en C:\xampp\htdocs\relofmes\wp-includes\class-wp-hook.php en la línea 292

2021-06-11T00:35:31+00:00 CRITICAL Uncaught Error: Unknown named parameter $tasks_meta_id in C:\xampp\htdocs\relofmes\wp-includes\class-wp-hook.php:292
Stack trace:
#0 C:\xampp\htdocs\relofmes\wp-includes\class-wp-hook.php(316): WP_Hook->apply_filters('', Array)
#1 C:\xampp\htdocs\relofmes\wp-includes\plugin.php(551): WP_Hook->do_action(Array)
#2 C:\xampp\htdocs\relofmes\wp-content\plugins\woocommerce\packages\action-scheduler\classes\actions\ActionScheduler_Action.php(22): do_action_ref_array('wpforms_admin_n...', Array)
#3 C:\xampp\htdocs\relofmes\wp-content\plugins\woocommerce\packages\action-scheduler\classes\abstracts\ActionScheduler_Abstract_QueueRunner.php(65): ActionScheduler_Action->execute()
#4 C:\xampp\htdocs\relofmes\wp-content\plugins\woocommerce\packages\action-scheduler\classes\ActionScheduler_QueueRunner.php(162): ActionScheduler_Abstract_QueueRunner->process_action(420, 'WP Cron')
#5 C:\xampp\htdocs\relofmes\wp-content\plugins\woocommerce\packages\action-scheduler\classes\ActionScheduler_QueueRunner.php(132): ActionScheduler_QueueRunner->do_batch(25, 'WP Cron')
#6 C:\xampp\htdocs\relofmes\wp-includes\class-wp-hook.php(292): ActionScheduler_QueueRunner->run('WP Cron')
#7 C:\xampp\htdocs\relofmes\wp-includes\class-wp-hook.php(316): WP_Hook->apply_filters('', Array)
#8 C:\xampp\htdocs\relofmes\wp-includes\plugin.php(551): WP_Hook->do_action(Array)
#9 C:\xampp\htdocs\relofmes\wp-cron.php(138): do_action_ref_array('action_schedule...', Array)
#10 {main}
  thrown en C:\xampp\htdocs\relofmes\wp-includes\class-wp-hook.php en la línea 292

2021-06-11T00:37:21+00:00 CRITICAL Uncaught Error: Unknown named parameter $tasks_meta_id in C:\xampp\htdocs\relofmes\wp-includes\class-wp-hook.php:292
Stack trace:
#0 C:\xampp\htdocs\relofmes\wp-includes\class-wp-hook.php(316): WP_Hook->apply_filters('', Array)
#1 C:\xampp\htdocs\relofmes\wp-includes\plugin.php(551): WP_Hook->do_action(Array)
#2 C:\xampp\htdocs\relofmes\wp-content\plugins\woocommerce\packages\action-scheduler\classes\actions\ActionScheduler_Action.php(22): do_action_ref_array('wpforms_admin_n...', Array)
#3 C:\xampp\htdocs\relofmes\wp-content\plugins\woocommerce\packages\action-scheduler\classes\abstracts\ActionScheduler_Abstract_QueueRunner.php(65): ActionScheduler_Action->execute()
#4 C:\xampp\htdocs\relofmes\wp-content\plugins\woocommerce\packages\action-scheduler\classes\ActionScheduler_QueueRunner.php(162): ActionScheduler_Abstract_QueueRunner->process_action(422, 'WP Cron')
#5 C:\xampp\htdocs\relofmes\wp-content\plugins\woocommerce\packages\action-scheduler\classes\ActionScheduler_QueueRunner.php(132): ActionScheduler_QueueRunner->do_batch(25, 'WP Cron')
#6 C:\xampp\htdocs\relofmes\wp-includes\class-wp-hook.php(292): ActionScheduler_QueueRunner->run('WP Cron')
#7 C:\xampp\htdocs\relofmes\wp-includes\class-wp-hook.php(316): WP_Hook->apply_filters('', Array)
#8 C:\xampp\htdocs\relofmes\wp-includes\plugin.php(551): WP_Hook->do_action(Array)
#9 C:\xampp\htdocs\relofmes\wp-cron.php(138): do_action_ref_array('action_schedule...', Array)
#10 {main}
  thrown en C:\xampp\htdocs\relofmes\wp-includes\class-wp-hook.php en la línea 292

2021-06-11T00:39:58+00:00 CRITICAL Uncaught Error: Unknown named parameter $tasks_meta_id in C:\xampp\htdocs\relofmes\wp-includes\class-wp-hook.php:292
Stack trace:
#0 C:\xampp\htdocs\relofmes\wp-includes\class-wp-hook.php(316): WP_Hook->apply_filters('', Array)
#1 C:\xampp\htdocs\relofmes\wp-includes\plugin.php(551): WP_Hook->do_action(Array)
#2 C:\xampp\htdocs\relofmes\wp-content\plugins\woocommerce\packages\action-scheduler\classes\actions\ActionScheduler_Action.php(22): do_action_ref_array('wpforms_admin_n...', Array)
#3 C:\xampp\htdocs\relofmes\wp-content\plugins\woocommerce\packages\action-scheduler\classes\abstracts\ActionScheduler_Abstract_QueueRunner.php(65): ActionScheduler_Action->execute()
#4 C:\xampp\htdocs\relofmes\wp-content\plugins\woocommerce\packages\action-scheduler\classes\ActionScheduler_QueueRunner.php(162): ActionScheduler_Abstract_QueueRunner->process_action(424, 'WP Cron')
#5 C:\xampp\htdocs\relofmes\wp-content\plugins\woocommerce\packages\action-scheduler\classes\ActionScheduler_QueueRunner.php(132): ActionScheduler_QueueRunner->do_batch(25, 'WP Cron')
#6 C:\xampp\htdocs\relofmes\wp-includes\class-wp-hook.php(292): ActionScheduler_QueueRunner->run('WP Cron')
#7 C:\xampp\htdocs\relofmes\wp-includes\class-wp-hook.php(316): WP_Hook->apply_filters('', Array)
#8 C:\xampp\htdocs\relofmes\wp-includes\plugin.php(551): WP_Hook->do_action(Array)
#9 C:\xampp\htdocs\relofmes\wp-cron.php(138): do_action_ref_array('action_schedule...', Array)
#10 {main}
  thrown en C:\xampp\htdocs\relofmes\wp-includes\class-wp-hook.php en la línea 292

2021-06-11T00:40:43+00:00 CRITICAL Uncaught Error: Unknown named parameter $tasks_meta_id in C:\xampp\htdocs\relofmes\wp-includes\class-wp-hook.php:292
Stack trace:
#0 C:\xampp\htdocs\relofmes\wp-includes\class-wp-hook.php(316): WP_Hook->apply_filters('', Array)
#1 C:\xampp\htdocs\relofmes\wp-includes\plugin.php(551): WP_Hook->do_action(Array)
#2 C:\xampp\htdocs\relofmes\wp-content\plugins\woocommerce\packages\action-scheduler\classes\actions\ActionScheduler_Action.php(22): do_action_ref_array('wpforms_admin_n...', Array)
#3 C:\xampp\htdocs\relofmes\wp-content\plugins\woocommerce\packages\action-scheduler\classes\abstracts\ActionScheduler_Abstract_QueueRunner.php(65): ActionScheduler_Action->execute()
#4 C:\xampp\htdocs\relofmes\wp-content\plugins\woocommerce\packages\action-scheduler\classes\ActionScheduler_QueueRunner.php(162): ActionScheduler_Abstract_QueueRunner->process_action(425, 'Async Request')
#5 C:\xampp\htdocs\relofmes\wp-content\plugins\woocommerce\packages\action-scheduler\classes\ActionScheduler_QueueRunner.php(132): ActionScheduler_QueueRunner->do_batch(25, 'Async Request')
#6 C:\xampp\htdocs\relofmes\wp-includes\class-wp-hook.php(292): ActionScheduler_QueueRunner->run('Async Request')
#7 C:\xampp\htdocs\relofmes\wp-includes\class-wp-hook.php(316): WP_Hook->apply_filters('', Array)
#8 C:\xampp\htdocs\relofmes\wp-includes\plugin.php(484): WP_Hook->do_action(Array)
#9 C:\xampp\htdocs\relofmes\wp-content\plugins\woocommerce\packages\action-scheduler\classes\ActionScheduler_AsyncRequest_QueueRunner.php(52): do_action('action_schedule...', 'Async Request')
#10 C:\xampp\htdocs\relofmes\wp-content\plugins\woocommerce\includes\libraries\wp-async-request.php(147): ActionScheduler_AsyncRequest_QueueRunner->handle()
#11 C:\xampp\htdocs\relofmes\wp-includes\class-wp-hook.php(292): WP_Async_Request->maybe_handle('')
#12 C:\xampp\htdocs\relofmes\wp-includes\class-wp-hook.php(316): WP_Hook->apply_filters('', Array)
#13 C:\xampp\htdocs\relofmes\wp-includes\plugin.php(484): WP_Hook->do_action(Array)
#14 C:\xampp\htdocs\relofmes\wp-admin\admin-ajax.php(187): do_action('wp_ajax_as_asyn...')
#15 {main}
  thrown en C:\xampp\htdocs\relofmes\wp-includes\class-wp-hook.php en la línea 292

2021-06-11T00:43:50+00:00 CRITICAL Uncaught Error: Unknown named parameter $tasks_meta_id in C:\xampp\htdocs\relofmes\wp-includes\class-wp-hook.php:292
Stack trace:
#0 C:\xampp\htdocs\relofmes\wp-includes\class-wp-hook.php(316): WP_Hook->apply_filters('', Array)
#1 C:\xampp\htdocs\relofmes\wp-includes\plugin.php(551): WP_Hook->do_action(Array)
#2 C:\xampp\htdocs\relofmes\wp-content\plugins\woocommerce\packages\action-scheduler\classes\actions\ActionScheduler_Action.php(22): do_action_ref_array('wpforms_admin_n...', Array)
#3 C:\xampp\htdocs\relofmes\wp-content\plugins\woocommerce\packages\action-scheduler\classes\abstracts\ActionScheduler_Abstract_QueueRunner.php(65): ActionScheduler_Action->execute()
#4 C:\xampp\htdocs\relofmes\wp-content\plugins\woocommerce\packages\action-scheduler\classes\ActionScheduler_QueueRunner.php(162): ActionScheduler_Abstract_QueueRunner->process_action(426, 'Async Request')
#5 C:\xampp\htdocs\relofmes\wp-content\plugins\woocommerce\packages\action-scheduler\classes\ActionScheduler_QueueRunner.php(132): ActionScheduler_QueueRunner->do_batch(25, 'Async Request')
#6 C:\xampp\htdocs\relofmes\wp-includes\class-wp-hook.php(292): ActionScheduler_QueueRunner->run('Async Request')
#7 C:\xampp\htdocs\relofmes\wp-includes\class-wp-hook.php(316): WP_Hook->apply_filters('', Array)
#8 C:\xampp\htdocs\relofmes\wp-includes\plugin.php(484): WP_Hook->do_action(Array)
#9 C:\xampp\htdocs\relofmes\wp-content\plugins\woocommerce\packages\action-scheduler\classes\ActionScheduler_AsyncRequest_QueueRunner.php(52): do_action('action_schedule...', 'Async Request')
#10 C:\xampp\htdocs\relofmes\wp-content\plugins\woocommerce\includes\libraries\wp-async-request.php(147): ActionScheduler_AsyncRequest_QueueRunner->handle()
#11 C:\xampp\htdocs\relofmes\wp-includes\class-wp-hook.php(292): WP_Async_Request->maybe_handle('')
#12 C:\xampp\htdocs\relofmes\wp-includes\class-wp-hook.php(316): WP_Hook->apply_filters('', Array)
#13 C:\xampp\htdocs\relofmes\wp-includes\plugin.php(484): WP_Hook->do_action(Array)
#14 C:\xampp\htdocs\relofmes\wp-admin\admin-ajax.php(187): do_action('wp_ajax_as_asyn...')
#15 {main}
  thrown en C:\xampp\htdocs\relofmes\wp-includes\class-wp-hook.php en la línea 292

2021-06-11T01:01:15+00:00 CRITICAL Uncaught Error: Unknown named parameter $tasks_meta_id in C:\xampp\htdocs\relofmes\wp-includes\class-wp-hook.php:292
Stack trace:
#0 C:\xampp\htdocs\relofmes\wp-includes\class-wp-hook.php(316): WP_Hook->apply_filters('', Array)
#1 C:\xampp\htdocs\relofmes\wp-includes\plugin.php(551): WP_Hook->do_action(Array)
#2 C:\xampp\htdocs\relofmes\wp-content\plugins\woocommerce\packages\action-scheduler\classes\actions\ActionScheduler_Action.php(22): do_action_ref_array('wpforms_admin_n...', Array)
#3 C:\xampp\htdocs\relofmes\wp-content\plugins\woocommerce\packages\action-scheduler\classes\abstracts\ActionScheduler_Abstract_QueueRunner.php(65): ActionScheduler_Action->execute()
#4 C:\xampp\htdocs\relofmes\wp-content\plugins\woocommerce\packages\action-scheduler\classes\ActionScheduler_QueueRunner.php(162): ActionScheduler_Abstract_QueueRunner->process_action(427, 'WP Cron')
#5 C:\xampp\htdocs\relofmes\wp-content\plugins\woocommerce\packages\action-scheduler\classes\ActionScheduler_QueueRunner.php(132): ActionScheduler_QueueRunner->do_batch(25, 'WP Cron')
#6 C:\xampp\htdocs\relofmes\wp-includes\class-wp-hook.php(292): ActionScheduler_QueueRunner->run('WP Cron')
#7 C:\xampp\htdocs\relofmes\wp-includes\class-wp-hook.php(316): WP_Hook->apply_filters('', Array)
#8 C:\xampp\htdocs\relofmes\wp-includes\plugin.php(551): WP_Hook->do_action(Array)
#9 C:\xampp\htdocs\relofmes\wp-cron.php(138): do_action_ref_array('action_schedule...', Array)
#10 {main}
  thrown en C:\xampp\htdocs\relofmes\wp-includes\class-wp-hook.php en la línea 292

2021-06-11T01:05:15+00:00 CRITICAL Uncaught Error: Unknown named parameter $tasks_meta_id in C:\xampp\htdocs\relofmes\wp-includes\class-wp-hook.php:292
Stack trace:
#0 C:\xampp\htdocs\relofmes\wp-includes\class-wp-hook.php(316): WP_Hook->apply_filters('', Array)
#1 C:\xampp\htdocs\relofmes\wp-includes\plugin.php(551): WP_Hook->do_action(Array)
#2 C:\xampp\htdocs\relofmes\wp-content\plugins\woocommerce\packages\action-scheduler\classes\actions\ActionScheduler_Action.php(22): do_action_ref_array('wpforms_admin_n...', Array)
#3 C:\xampp\htdocs\relofmes\wp-content\plugins\woocommerce\packages\action-scheduler\classes\abstracts\ActionScheduler_Abstract_QueueRunner.php(65): ActionScheduler_Action->execute()
#4 C:\xampp\htdocs\relofmes\wp-content\plugins\woocommerce\packages\action-scheduler\classes\ActionScheduler_QueueRunner.php(162): ActionScheduler_Abstract_QueueRunner->process_action(428, 'WP Cron')
#5 C:\xampp\htdocs\relofmes\wp-content\plugins\woocommerce\packages\action-scheduler\classes\ActionScheduler_QueueRunner.php(132): ActionScheduler_QueueRunner->do_batch(25, 'WP Cron')
#6 C:\xampp\htdocs\relofmes\wp-includes\class-wp-hook.php(292): ActionScheduler_QueueRunner->run('WP Cron')
#7 C:\xampp\htdocs\relofmes\wp-includes\class-wp-hook.php(316): WP_Hook->apply_filters('', Array)
#8 C:\xampp\htdocs\relofmes\wp-includes\plugin.php(551): WP_Hook->do_action(Array)
#9 C:\xampp\htdocs\relofmes\wp-cron.php(138): do_action_ref_array('action_schedule...', Array)
#10 {main}
  thrown en C:\xampp\htdocs\relofmes\wp-includes\class-wp-hook.php en la línea 292

2021-06-11T01:08:02+00:00 CRITICAL Uncaught Error: Unknown named parameter $tasks_meta_id in C:\xampp\htdocs\relofmes\wp-includes\class-wp-hook.php:292
Stack trace:
#0 C:\xampp\htdocs\relofmes\wp-includes\class-wp-hook.php(316): WP_Hook->apply_filters('', Array)
#1 C:\xampp\htdocs\relofmes\wp-includes\plugin.php(551): WP_Hook->do_action(Array)
#2 C:\xampp\htdocs\relofmes\wp-content\plugins\woocommerce\packages\action-scheduler\classes\actions\ActionScheduler_Action.php(22): do_action_ref_array('wpforms_admin_n...', Array)
#3 C:\xampp\htdocs\relofmes\wp-content\plugins\woocommerce\packages\action-scheduler\classes\abstracts\ActionScheduler_Abstract_QueueRunner.php(65): ActionScheduler_Action->execute()
#4 C:\xampp\htdocs\relofmes\wp-content\plugins\woocommerce\packages\action-scheduler\classes\ActionScheduler_QueueRunner.php(162): ActionScheduler_Abstract_QueueRunner->process_action(429, 'Async Request')
#5 C:\xampp\htdocs\relofmes\wp-content\plugins\woocommerce\packages\action-scheduler\classes\ActionScheduler_QueueRunner.php(132): ActionScheduler_QueueRunner->do_batch(25, 'Async Request')
#6 C:\xampp\htdocs\relofmes\wp-includes\class-wp-hook.php(292): ActionScheduler_QueueRunner->run('Async Request')
#7 C:\xampp\htdocs\relofmes\wp-includes\class-wp-hook.php(316): WP_Hook->apply_filters('', Array)
#8 C:\xampp\htdocs\relofmes\wp-includes\plugin.php(484): WP_Hook->do_action(Array)
#9 C:\xampp\htdocs\relofmes\wp-content\plugins\woocommerce\packages\action-scheduler\classes\ActionScheduler_AsyncRequest_QueueRunner.php(52): do_action('action_schedule...', 'Async Request')
#10 C:\xampp\htdocs\relofmes\wp-content\plugins\woocommerce\includes\libraries\wp-async-request.php(147): ActionScheduler_AsyncRequest_QueueRunner->handle()
#11 C:\xampp\htdocs\relofmes\wp-includes\class-wp-hook.php(292): WP_Async_Request->maybe_handle('')
#12 C:\xampp\htdocs\relofmes\wp-includes\class-wp-hook.php(316): WP_Hook->apply_filters('', Array)
#13 C:\xampp\htdocs\relofmes\wp-includes\plugin.php(484): WP_Hook->do_action(Array)
#14 C:\xampp\htdocs\relofmes\wp-admin\admin-ajax.php(187): do_action('wp_ajax_as_asyn...')
#15 {main}
  thrown en C:\xampp\htdocs\relofmes\wp-includes\class-wp-hook.php en la línea 292

2021-06-11T02:34:52+00:00 CRITICAL Uncaught Error: Unknown named parameter $tasks_meta_id in C:\xampp\htdocs\relofmes\wp-includes\class-wp-hook.php:292
Stack trace:
#0 C:\xampp\htdocs\relofmes\wp-includes\class-wp-hook.php(316): WP_Hook->apply_filters('', Array)
#1 C:\xampp\htdocs\relofmes\wp-includes\plugin.php(551): WP_Hook->do_action(Array)
#2 C:\xampp\htdocs\relofmes\wp-content\plugins\woocommerce\packages\action-scheduler\classes\actions\ActionScheduler_Action.php(22): do_action_ref_array('wpforms_admin_n...', Array)
#3 C:\xampp\htdocs\relofmes\wp-content\plugins\woocommerce\packages\action-scheduler\classes\abstracts\ActionScheduler_Abstract_QueueRunner.php(65): ActionScheduler_Action->execute()
#4 C:\xampp\htdocs\relofmes\wp-content\plugins\woocommerce\packages\action-scheduler\classes\ActionScheduler_QueueRunner.php(162): ActionScheduler_Abstract_QueueRunner->process_action(434, 'Async Request')
#5 C:\xampp\htdocs\relofmes\wp-content\plugins\woocommerce\packages\action-scheduler\classes\ActionScheduler_QueueRunner.php(132): ActionScheduler_QueueRunner->do_batch(25, 'Async Request')
#6 C:\xampp\htdocs\relofmes\wp-includes\class-wp-hook.php(292): ActionScheduler_QueueRunner->run('Async Request')
#7 C:\xampp\htdocs\relofmes\wp-includes\class-wp-hook.php(316): WP_Hook->apply_filters('', Array)
#8 C:\xampp\htdocs\relofmes\wp-includes\plugin.php(484): WP_Hook->do_action(Array)
#9 C:\xampp\htdocs\relofmes\wp-content\plugins\woocommerce\packages\action-scheduler\classes\ActionScheduler_AsyncRequest_QueueRunner.php(52): do_action('action_schedule...', 'Async Request')
#10 C:\xampp\htdocs\relofmes\wp-content\plugins\woocommerce\includes\libraries\wp-async-request.php(147): ActionScheduler_AsyncRequest_QueueRunner->handle()
#11 C:\xampp\htdocs\relofmes\wp-includes\class-wp-hook.php(292): WP_Async_Request->maybe_handle('')
#12 C:\xampp\htdocs\relofmes\wp-includes\class-wp-hook.php(316): WP_Hook->apply_filters('', Array)
#13 C:\xampp\htdocs\relofmes\wp-includes\plugin.php(484): WP_Hook->do_action(Array)
#14 C:\xampp\htdocs\relofmes\wp-admin\admin-ajax.php(187): do_action('wp_ajax_as_asyn...')
#15 {main}
  thrown en C:\xampp\htdocs\relofmes\wp-includes\class-wp-hook.php en la línea 292

2021-06-11T02:35:58+00:00 CRITICAL Uncaught Error: Unknown named parameter $tasks_meta_id in C:\xampp\htdocs\relofmes\wp-includes\class-wp-hook.php:292
Stack trace:
#0 C:\xampp\htdocs\relofmes\wp-includes\class-wp-hook.php(316): WP_Hook->apply_filters('', Array)
#1 C:\xampp\htdocs\relofmes\wp-includes\plugin.php(551): WP_Hook->do_action(Array)
#2 C:\xampp\htdocs\relofmes\wp-content\plugins\woocommerce\packages\action-scheduler\classes\actions\ActionScheduler_Action.php(22): do_action_ref_array('wpforms_admin_n...', Array)
#3 C:\xampp\htdocs\relofmes\wp-content\plugins\woocommerce\packages\action-scheduler\classes\abstracts\ActionScheduler_Abstract_QueueRunner.php(65): ActionScheduler_Action->execute()
#4 C:\xampp\htdocs\relofmes\wp-content\plugins\woocommerce\packages\action-scheduler\classes\ActionScheduler_QueueRunner.php(162): ActionScheduler_Abstract_QueueRunner->process_action(435, 'Async Request')
#5 C:\xampp\htdocs\relofmes\wp-content\plugins\woocommerce\packages\action-scheduler\classes\ActionScheduler_QueueRunner.php(132): ActionScheduler_QueueRunner->do_batch(25, 'Async Request')
#6 C:\xampp\htdocs\relofmes\wp-includes\class-wp-hook.php(292): ActionScheduler_QueueRunner->run('Async Request')
#7 C:\xampp\htdocs\relofmes\wp-includes\class-wp-hook.php(316): WP_Hook->apply_filters('', Array)
#8 C:\xampp\htdocs\relofmes\wp-includes\plugin.php(484): WP_Hook->do_action(Array)
#9 C:\xampp\htdocs\relofmes\wp-content\plugins\woocommerce\packages\action-scheduler\classes\ActionScheduler_AsyncRequest_QueueRunner.php(52): do_action('action_schedule...', 'Async Request')
#10 C:\xampp\htdocs\relofmes\wp-content\plugins\woocommerce\includes\libraries\wp-async-request.php(147): ActionScheduler_AsyncRequest_QueueRunner->handle()
#11 C:\xampp\htdocs\relofmes\wp-includes\class-wp-hook.php(292): WP_Async_Request->maybe_handle('')
#12 C:\xampp\htdocs\relofmes\wp-includes\class-wp-hook.php(316): WP_Hook->apply_filters('', Array)
#13 C:\xampp\htdocs\relofmes\wp-includes\plugin.php(484): WP_Hook->do_action(Array)
#14 C:\xampp\htdocs\relofmes\wp-admin\admin-ajax.php(187): do_action('wp_ajax_as_asyn...')
#15 {main}
  thrown en C:\xampp\htdocs\relofmes\wp-includes\class-wp-hook.php en la línea 292

2021-06-11T02:36:29+00:00 CRITICAL Uncaught Error: Unknown named parameter $tasks_meta_id in C:\xampp\htdocs\relofmes\wp-includes\class-wp-hook.php:292
Stack trace:
#0 C:\xampp\htdocs\relofmes\wp-includes\class-wp-hook.php(316): WP_Hook->apply_filters('', Array)
#1 C:\xampp\htdocs\relofmes\wp-includes\plugin.php(551): WP_Hook->do_action(Array)
#2 C:\xampp\htdocs\relofmes\wp-content\plugins\woocommerce\packages\action-scheduler\classes\actions\ActionScheduler_Action.php(22): do_action_ref_array('wpforms_admin_n...', Array)
#3 C:\xampp\htdocs\relofmes\wp-content\plugins\woocommerce\packages\action-scheduler\classes\abstracts\ActionScheduler_Abstract_QueueRunner.php(65): ActionScheduler_Action->execute()
#4 C:\xampp\htdocs\relofmes\wp-content\plugins\woocommerce\packages\action-scheduler\classes\ActionScheduler_QueueRunner.php(162): ActionScheduler_Abstract_QueueRunner->process_action(436, 'WP Cron')
#5 C:\xampp\htdocs\relofmes\wp-content\plugins\woocommerce\packages\action-scheduler\classes\ActionScheduler_QueueRunner.php(132): ActionScheduler_QueueRunner->do_batch(25, 'WP Cron')
#6 C:\xampp\htdocs\relofmes\wp-includes\class-wp-hook.php(292): ActionScheduler_QueueRunner->run('WP Cron')
#7 C:\xampp\htdocs\relofmes\wp-includes\class-wp-hook.php(316): WP_Hook->apply_filters('', Array)
#8 C:\xampp\htdocs\relofmes\wp-includes\plugin.php(551): WP_Hook->do_action(Array)
#9 C:\xampp\htdocs\relofmes\wp-cron.php(138): do_action_ref_array('action_schedule...', Array)
#10 {main}
  thrown en C:\xampp\htdocs\relofmes\wp-includes\class-wp-hook.php en la línea 292

2021-06-11T02:37:35+00:00 CRITICAL Uncaught Error: Unknown named parameter $tasks_meta_id in C:\xampp\htdocs\relofmes\wp-includes\class-wp-hook.php:292
Stack trace:
#0 C:\xampp\htdocs\relofmes\wp-includes\class-wp-hook.php(316): WP_Hook->apply_filters('', Array)
#1 C:\xampp\htdocs\relofmes\wp-includes\plugin.php(551): WP_Hook->do_action(Array)
#2 C:\xampp\htdocs\relofmes\wp-content\plugins\woocommerce\packages\action-scheduler\classes\actions\ActionScheduler_Action.php(22): do_action_ref_array('wpforms_admin_n...', Array)
#3 C:\xampp\htdocs\relofmes\wp-content\plugins\woocommerce\packages\action-scheduler\classes\abstracts\ActionScheduler_Abstract_QueueRunner.php(65): ActionScheduler_Action->execute()
#4 C:\xampp\htdocs\relofmes\wp-content\plugins\woocommerce\packages\action-scheduler\classes\ActionScheduler_QueueRunner.php(162): ActionScheduler_Abstract_QueueRunner->process_action(438, 'WP Cron')
#5 C:\xampp\htdocs\relofmes\wp-content\plugins\woocommerce\packages\action-scheduler\classes\ActionScheduler_QueueRunner.php(132): ActionScheduler_QueueRunner->do_batch(25, 'WP Cron')
#6 C:\xampp\htdocs\relofmes\wp-includes\class-wp-hook.php(292): ActionScheduler_QueueRunner->run('WP Cron')
#7 C:\xampp\htdocs\relofmes\wp-includes\class-wp-hook.php(316): WP_Hook->apply_filters('', Array)
#8 C:\xampp\htdocs\relofmes\wp-includes\plugin.php(551): WP_Hook->do_action(Array)
#9 C:\xampp\htdocs\relofmes\wp-cron.php(138): do_action_ref_array('action_schedule...', Array)
#10 {main}
  thrown en C:\xampp\htdocs\relofmes\wp-includes\class-wp-hook.php en la línea 292

2021-06-11T02:39:07+00:00 CRITICAL Uncaught Error: Unknown named parameter $tasks_meta_id in C:\xampp\htdocs\relofmes\wp-includes\class-wp-hook.php:292
Stack trace:
#0 C:\xampp\htdocs\relofmes\wp-includes\class-wp-hook.php(316): WP_Hook->apply_filters('', Array)
#1 C:\xampp\htdocs\relofmes\wp-includes\plugin.php(551): WP_Hook->do_action(Array)
#2 C:\xampp\htdocs\relofmes\wp-content\plugins\woocommerce\packages\action-scheduler\classes\actions\ActionScheduler_Action.php(22): do_action_ref_array('wpforms_admin_n...', Array)
#3 C:\xampp\htdocs\relofmes\wp-content\plugins\woocommerce\packages\action-scheduler\classes\abstracts\ActionScheduler_Abstract_QueueRunner.php(65): ActionScheduler_Action->execute()
#4 C:\xampp\htdocs\relofmes\wp-content\plugins\woocommerce\packages\action-scheduler\classes\ActionScheduler_QueueRunner.php(162): ActionScheduler_Abstract_QueueRunner->process_action(439, 'Async Request')
#5 C:\xampp\htdocs\relofmes\wp-content\plugins\woocommerce\packages\action-scheduler\classes\ActionScheduler_QueueRunner.php(132): ActionScheduler_QueueRunner->do_batch(25, 'Async Request')
#6 C:\xampp\htdocs\relofmes\wp-includes\class-wp-hook.php(292): ActionScheduler_QueueRunner->run('Async Request')
#7 C:\xampp\htdocs\relofmes\wp-includes\class-wp-hook.php(316): WP_Hook->apply_filters('', Array)
#8 C:\xampp\htdocs\relofmes\wp-includes\plugin.php(484): WP_Hook->do_action(Array)
#9 C:\xampp\htdocs\relofmes\wp-content\plugins\woocommerce\packages\action-scheduler\classes\ActionScheduler_AsyncRequest_QueueRunner.php(52): do_action('action_schedule...', 'Async Request')
#10 C:\xampp\htdocs\relofmes\wp-content\plugins\woocommerce\includes\libraries\wp-async-request.php(147): ActionScheduler_AsyncRequest_QueueRunner->handle()
#11 C:\xampp\htdocs\relofmes\wp-includes\class-wp-hook.php(292): WP_Async_Request->maybe_handle('')
#12 C:\xampp\htdocs\relofmes\wp-includes\class-wp-hook.php(316): WP_Hook->apply_filters('', Array)
#13 C:\xampp\htdocs\relofmes\wp-includes\plugin.php(484): WP_Hook->do_action(Array)
#14 C:\xampp\htdocs\relofmes\wp-admin\admin-ajax.php(187): do_action('wp_ajax_as_asyn...')
#15 {main}
  thrown en C:\xampp\htdocs\relofmes\wp-includes\class-wp-hook.php en la línea 292

2021-06-11T02:40:44+00:00 CRITICAL Uncaught Error: Unknown named parameter $tasks_meta_id in C:\xampp\htdocs\relofmes\wp-includes\class-wp-hook.php:292
Stack trace:
#0 C:\xampp\htdocs\relofmes\wp-includes\class-wp-hook.php(316): WP_Hook->apply_filters('', Array)
#1 C:\xampp\htdocs\relofmes\wp-includes\plugin.php(551): WP_Hook->do_action(Array)
#2 C:\xampp\htdocs\relofmes\wp-content\plugins\woocommerce\packages\action-scheduler\classes\actions\ActionScheduler_Action.php(22): do_action_ref_array('wpforms_admin_n...', Array)
#3 C:\xampp\htdocs\relofmes\wp-content\plugins\woocommerce\packages\action-scheduler\classes\abstracts\ActionScheduler_Abstract_QueueRunner.php(65): ActionScheduler_Action->execute()
#4 C:\xampp\htdocs\relofmes\wp-content\plugins\woocommerce\packages\action-scheduler\classes\ActionScheduler_QueueRunner.php(162): ActionScheduler_Abstract_QueueRunner->process_action(440, 'Async Request')
#5 C:\xampp\htdocs\relofmes\wp-content\plugins\woocommerce\packages\action-scheduler\classes\ActionScheduler_QueueRunner.php(132): ActionScheduler_QueueRunner->do_batch(25, 'Async Request')
#6 C:\xampp\htdocs\relofmes\wp-includes\class-wp-hook.php(292): ActionScheduler_QueueRunner->run('Async Request')
#7 C:\xampp\htdocs\relofmes\wp-includes\class-wp-hook.php(316): WP_Hook->apply_filters('', Array)
#8 C:\xampp\htdocs\relofmes\wp-includes\plugin.php(484): WP_Hook->do_action(Array)
#9 C:\xampp\htdocs\relofmes\wp-content\plugins\woocommerce\packages\action-scheduler\classes\ActionScheduler_AsyncRequest_QueueRunner.php(52): do_action('action_schedule...', 'Async Request')
#10 C:\xampp\htdocs\relofmes\wp-content\plugins\woocommerce\includes\libraries\wp-async-request.php(147): ActionScheduler_AsyncRequest_QueueRunner->handle()
#11 C:\xampp\htdocs\relofmes\wp-includes\class-wp-hook.php(292): WP_Async_Request->maybe_handle('')
#12 C:\xampp\htdocs\relofmes\wp-includes\class-wp-hook.php(316): WP_Hook->apply_filters('', Array)
#13 C:\xampp\htdocs\relofmes\wp-includes\plugin.php(484): WP_Hook->do_action(Array)
#14 C:\xampp\htdocs\relofmes\wp-admin\admin-ajax.php(187): do_action('wp_ajax_as_asyn...')
#15 {main}
  thrown en C:\xampp\htdocs\relofmes\wp-includes\class-wp-hook.php en la línea 292

2021-06-11T02:41:53+00:00 CRITICAL Uncaught Error: Unknown named parameter $tasks_meta_id in C:\xampp\htdocs\relofmes\wp-includes\class-wp-hook.php:292
Stack trace:
#0 C:\xampp\htdocs\relofmes\wp-includes\class-wp-hook.php(316): WP_Hook->apply_filters('', Array)
#1 C:\xampp\htdocs\relofmes\wp-includes\plugin.php(551): WP_Hook->do_action(Array)
#2 C:\xampp\htdocs\relofmes\wp-content\plugins\woocommerce\packages\action-scheduler\classes\actions\ActionScheduler_Action.php(22): do_action_ref_array('wpforms_admin_n...', Array)
#3 C:\xampp\htdocs\relofmes\wp-content\plugins\woocommerce\packages\action-scheduler\classes\abstracts\ActionScheduler_Abstract_QueueRunner.php(65): ActionScheduler_Action->execute()
#4 C:\xampp\htdocs\relofmes\wp-content\plugins\woocommerce\packages\action-scheduler\classes\ActionScheduler_QueueRunner.php(162): ActionScheduler_Abstract_QueueRunner->process_action(441, 'WP Cron')
#5 C:\xampp\htdocs\relofmes\wp-content\plugins\woocommerce\packages\action-scheduler\classes\ActionScheduler_QueueRunner.php(132): ActionScheduler_QueueRunner->do_batch(25, 'WP Cron')
#6 C:\xampp\htdocs\relofmes\wp-includes\class-wp-hook.php(292): ActionScheduler_QueueRunner->run('WP Cron')
#7 C:\xampp\htdocs\relofmes\wp-includes\class-wp-hook.php(316): WP_Hook->apply_filters('', Array)
#8 C:\xampp\htdocs\relofmes\wp-includes\plugin.php(551): WP_Hook->do_action(Array)
#9 C:\xampp\htdocs\relofmes\wp-cron.php(138): do_action_ref_array('action_schedule...', Array)
#10 {main}
  thrown en C:\xampp\htdocs\relofmes\wp-includes\class-wp-hook.php en la línea 292

